<?xml version="1.0" encoding="UTF-8"?>
<testsuite xmlns:xsi="http://www.w3.org/2001/XMLSchema-instance" xsi:noNamespaceSchemaLocation="https://maven.apache.org/surefire/maven-surefire-plugin/xsd/surefire-test-report-3.0.xsd" version="3.0" name="com.anikdv.blog.app.SpringBootBlogApplicationBackEndApplicationTests" time="47.926" tests="1" errors="0" skipped="0" failures="0">
  <properties>
[...]
</properties>
  <testcase name="contextLoads" classname="com.anikdv.blog.app.SpringBootBlogApplicationBackEndApplicationTests" time="3.546">
    <system-out><![CDATA[16:42:25.371 [main] INFO org.springframework.test.context.support.AnnotationConfigContextLoaderUtils -- Could not detect default configuration classes for test class [com.anikdv.blog.app.SpringBootBlogApplicationBackEndApplicationTests]: SpringBootBlogApplicationBackEndApplicationTests does not declare any static, non-private, non-final, nested classes annotated with @Configuration.
16:42:26.026 [main] INFO org.springframework.boot.test.context.SpringBootTestContextBootstrapper -- Found @SpringBootConfiguration com.anikdv.blog.app.SpringBootBlogApplicationBackEndApplication for test class com.anikdv.blog.app.SpringBootBlogApplicationBackEndApplicationTests
16:42:26.959 [main] INFO org.springframework.boot.devtools.restart.RestartApplicationListener -- Restart disabled due to context in which it is running

  .   ____          _            __ _ _
 /\\ / ___'_ __ _ _(_)_ __  __ _ \ \ \ \
( ( )\___ | '_ | '_| | '_ \/ _` | \ \ \ \
 \\/  ___)| |_)| | | | | || (_| |  ) ) ) )
  '  |____| .__|_| |_|_| |_\__, | / / / /
 =========|_|==============|___/=/_/_/_/
 :: Spring Boot ::                (v3.1.5)

2024-02-04T16:42:28.601+06:00  INFO 7224 --- [           main] otBlogApplicationBackEndApplicationTests : Starting SpringBootBlogApplicationBackEndApplicationTests using Java 17.0.7 with PID 7224 (started by Bismillah in D:\GitHub\blog-clone-repo\Blog-Application-BackEnd-master\Blog-Application-BackEnd-master)
2024-02-04T16:42:28.605+06:00  INFO 7224 --- [           main] otBlogApplicationBackEndApplicationTests : The following 1 profile is active: "dev"
2024-02-04T16:42:36.717+06:00  INFO 7224 --- [           main] .s.d.r.c.RepositoryConfigurationDelegate : Multiple Spring Data modules found, entering strict repository configuration mode
2024-02-04T16:42:36.725+06:00  INFO 7224 --- [           main] .s.d.r.c.RepositoryConfigurationDelegate : Bootstrapping Spring Data JPA repositories in DEFAULT mode.
2024-02-04T16:42:37.388+06:00  INFO 7224 --- [           main] .s.d.r.c.RepositoryConfigurationDelegate : Finished Spring Data repository scanning in 633 ms. Found 5 JPA repository interfaces.
2024-02-04T16:42:37.532+06:00  INFO 7224 --- [           main] .s.d.r.c.RepositoryConfigurationDelegate : Multiple Spring Data modules found, entering strict repository configuration mode
2024-02-04T16:42:37.537+06:00  INFO 7224 --- [           main] .s.d.r.c.RepositoryConfigurationDelegate : Bootstrapping Spring Data Redis repositories in DEFAULT mode.
2024-02-04T16:42:37.608+06:00  INFO 7224 --- [           main] .RepositoryConfigurationExtensionSupport : Spring Data Redis - Could not safely identify store assignment for repository candidate interface com.anikdv.blog.app.repositories.CategoryRepository; If you want this repository to be a Redis repository, consider annotating your entities with one of these annotations: org.springframework.data.redis.core.RedisHash (preferred), or consider extending one of the following types with your repository: org.springframework.data.keyvalue.repository.KeyValueRepository
2024-02-04T16:42:37.610+06:00  INFO 7224 --- [           main] .RepositoryConfigurationExtensionSupport : Spring Data Redis - Could not safely identify store assignment for repository candidate interface com.anikdv.blog.app.repositories.CommentsRepository; If you want this repository to be a Redis repository, consider annotating your entities with one of these annotations: org.springframework.data.redis.core.RedisHash (preferred), or consider extending one of the following types with your repository: org.springframework.data.keyvalue.repository.KeyValueRepository
2024-02-04T16:42:37.631+06:00  INFO 7224 --- [           main] .RepositoryConfigurationExtensionSupport : Spring Data Redis - Could not safely identify store assignment for repository candidate interface com.anikdv.blog.app.repositories.PostsRepository; If you want this repository to be a Redis repository, consider annotating your entities with one of these annotations: org.springframework.data.redis.core.RedisHash (preferred), or consider extending one of the following types with your repository: org.springframework.data.keyvalue.repository.KeyValueRepository
2024-02-04T16:42:37.633+06:00  INFO 7224 --- [           main] .RepositoryConfigurationExtensionSupport : Spring Data Redis - Could not safely identify store assignment for repository candidate interface com.anikdv.blog.app.repositories.RoleRepository; If you want this repository to be a Redis repository, consider annotating your entities with one of these annotations: org.springframework.data.redis.core.RedisHash (preferred), or consider extending one of the following types with your repository: org.springframework.data.keyvalue.repository.KeyValueRepository
2024-02-04T16:42:37.634+06:00  INFO 7224 --- [           main] .RepositoryConfigurationExtensionSupport : Spring Data Redis - Could not safely identify store assignment for repository candidate interface com.anikdv.blog.app.repositories.UserRepository; If you want this repository to be a Redis repository, consider annotating your entities with one of these annotations: org.springframework.data.redis.core.RedisHash (preferred), or consider extending one of the following types with your repository: org.springframework.data.keyvalue.repository.KeyValueRepository
2024-02-04T16:42:37.635+06:00  INFO 7224 --- [           main] .s.d.r.c.RepositoryConfigurationDelegate : Finished Spring Data repository scanning in 54 ms. Found 0 Redis repository interfaces.
2024-02-04T16:42:42.739+06:00  INFO 7224 --- [           main] o.hibernate.jpa.internal.util.LogHelper  : HHH000204: Processing PersistenceUnitInfo [name: default]
2024-02-04T16:42:43.034+06:00  INFO 7224 --- [           main] org.hibernate.Version                    : HHH000412: Hibernate ORM core version 6.2.13.Final
2024-02-04T16:42:43.042+06:00  INFO 7224 --- [           main] org.hibernate.cfg.Environment            : HHH000406: Using bytecode reflection optimizer
2024-02-04T16:42:45.521+06:00  INFO 7224 --- [           main] o.s.o.j.p.SpringPersistenceUnitInfo      : No LoadTimeWeaver setup: ignoring JPA class transformer
2024-02-04T16:42:46.076+06:00  INFO 7224 --- [           main] com.zaxxer.hikari.HikariDataSource       : HikariPool-1 - Starting...
2024-02-04T16:42:48.098+06:00  INFO 7224 --- [           main] com.zaxxer.hikari.pool.HikariPool        : HikariPool-1 - Added connection com.mysql.cj.jdbc.ConnectionImpl@4b8bacb0
2024-02-04T16:42:48.105+06:00  INFO 7224 --- [           main] com.zaxxer.hikari.HikariDataSource       : HikariPool-1 - Start completed.
2024-02-04T16:42:49.605+06:00  WARN 7224 --- [           main] org.hibernate.orm.deprecation            : HHH90000025: MySQLDialect does not need to be specified explicitly using 'hibernate.dialect' (remove the property setting and it will be selected by default)
2024-02-04T16:42:56.499+06:00  INFO 7224 --- [           main] o.h.e.t.j.p.i.JtaPlatformInitiator       : HHH000489: No JTA platform available (set 'hibernate.transaction.jta.platform' to enable JTA platform integration)
2024-02-04T16:42:58.295+06:00  INFO 7224 --- [           main] j.LocalContainerEntityManagerFactoryBean : Initialized JPA EntityManagerFactory for persistence unit 'default'
2024-02-04T16:43:00.832+06:00  INFO 7224 --- [           main] o.s.d.j.r.query.QueryEnhancerFactory     : Hibernate is in classpath; If applicable, HQL parser will be used.
2024-02-04T16:43:04.842+06:00  WARN 7224 --- [           main] JpaBaseConfiguration$JpaWebConfiguration : spring.jpa.open-in-view is enabled by default. Therefore, database queries may be performed during view rendering. Explicitly configure spring.jpa.open-in-view to disable this warning
2024-02-04T16:43:05.318+06:00  INFO 7224 --- [           main] o.s.s.web.DefaultSecurityFilterChain     : Will secure any request with [org.springframework.security.web.session.DisableEncodeUrlFilter@4f13aa50, org.springframework.security.web.context.request.async.WebAsyncManagerIntegrationFilter@35ae35ac, org.springframework.security.web.context.SecurityContextHolderFilter@20dcce86, org.springframework.security.web.header.HeaderWriterFilter@1f072ef3, org.springframework.web.filter.CorsFilter@41034c9, org.springframework.security.web.authentication.logout.LogoutFilter@406ad1aa, com.anikdv.blog.app.security.JwtAuthenticationFilter@7701253, org.springframework.security.web.savedrequest.RequestCacheAwareFilter@62cc94c5, org.springframework.security.web.servletapi.SecurityContextHolderAwareRequestFilter@22d7b302, org.springframework.security.web.authentication.AnonymousAuthenticationFilter@2b74723f, org.springframework.security.web.session.SessionManagementFilter@a98b4cf, org.springframework.security.web.access.ExceptionTranslationFilter@3d9436c8, org.springframework.security.web.access.intercept.AuthorizationFilter@170db95f]
2024-02-04T16:43:08.143+06:00  INFO 7224 --- [           main] otBlogApplicationBackEndApplicationTests : Started SpringBootBlogApplicationBackEndApplicationTests in 41.267 seconds (process running for 47.734)
Hibernate: 
    select
        r1_0.roleid,
        r1_0.rolename,
        u1_0.userid,
        u1_0.about,
        u1_0.comfirm_password,
        c1_0.user_id,
        c1_0.comment_id,
        c1_0.content,
        c1_0.comment_date,
        c1_0.post_id,
        u1_0.create_date,
        u1_0.email_id,
        u1_0.image_name,
        u1_0.user_name,
        u1_0.password,
        u1_0.status 
    from
        role r1_0 
    left join
        user u1_0 
            on u1_0.userid=r1_0.user_userid 
    left join
        comments c1_0 
            on u1_0.userid=c1_0.user_id 
    where
        r1_0.roleid=?
Hibernate: 
    select
        r1_0.roleid,
        r1_0.rolename,
        u1_0.userid,
        u1_0.about,
        u1_0.comfirm_password,
        c1_0.user_id,
        c1_0.comment_id,
        c1_0.content,
        c1_0.comment_date,
        c1_0.post_id,
        u1_0.create_date,
        u1_0.email_id,
        u1_0.image_name,
        u1_0.user_name,
        u1_0.password,
        u1_0.status 
    from
        role r1_0 
    left join
        user u1_0 
            on u1_0.userid=r1_0.user_userid 
    left join
        comments c1_0 
            on u1_0.userid=c1_0.user_id 
    where
        r1_0.roleid=?
]]></system-out>
  </testcase>
</testsuite>